<?xml version="1.0" encoding="UTF-8"?>
<!-- Generated by org.testng.reporters.JUnitXMLReporter -->
<testsuite ignored="0" hostname="L3H7MP73" failures="0" tests="2" name="Error Validation Test" time="20.786" errors="0" timestamp="2024-02-16T19:23:49 IST">
  <testcase classname="Automation.Tests.ErrorValidationsTest" name="loginErrorValidation" time="0.589"/>
  <testcase classname="Automation.Tests.ErrorValidationsTest" name="productValidation" time="3.254"/>
</testsuite> <!-- Error Validation Test -->
