<?xml version="1.0" encoding="UTF-8"?>
<!-- Generated by org.testng.reporters.JUnitXMLReporter -->
<testsuite ignored="0" hostname="L3H7MP73" failures="0" tests="3" name="Submit Order Test" time="32.518" errors="0" timestamp="2024-02-16T19:24:00 IST">
  <testcase classname="Automation.Tests.SubmitOrderTest" name="submitOrder" time="4.489"/>
  <testcase classname="Automation.Tests.SubmitOrderTest" name="submitOrder" time="4.415"/>
  <testcase classname="Automation.Tests.SubmitOrderTest" name="orderHistoryTest" time="0.918"/>
</testsuite> <!-- Submit Order Test -->
