<?xml version="1.0" encoding="UTF-8"?>
<!-- Generated by org.testng.reporters.JUnitXMLReporter -->
<testsuite ignored="0" hostname="L3H7MP73" failures="1" tests="2" name="Test" time="0.047" errors="0" timestamp="2024-02-08T18:20:52 IST">
  <testcase classname="Automation.Tests.SubmitOrderTest" name="submitOrder" time="0.0">
    <failure type="org.testng.TestNGException" message="
Method public void Automation.Tests.SubmitOrderTest.submitOrder(java.util.HashMap) throws java.io.IOException,java.lang.InterruptedException requires a @DataProvider named : getData()">
      <![CDATA[org.testng.TestNGException: 
Method public void Automation.Tests.SubmitOrderTest.submitOrder(java.util.HashMap) throws java.io.IOException,java.lang.InterruptedException requires a @DataProvider named : getData()
at java.base/java.util.ArrayList.forEach(ArrayList.java:1511)
... Removed 24 stack frames]]>
    </failure>
  </testcase> <!-- submitOrder -->
  <testcase classname="Automation.Tests.SubmitOrderTest" name="orderHistoryTest" time="0.0">
    <skipped/>
  </testcase> <!-- orderHistoryTest -->
</testsuite> <!-- Test -->
